生成启动时间为 2019/9/24 16:27:06。
     1>项目“D:\实验代码\ToR\CMOO_NEW\libemo\libemo.vcxproj”在节点 2 上(Build 个目标)。
     1>ClCompile:
         D:\Program Files (x86)\Microsoft Visual Studio 12.0\VC\bin\CL.exe /c /Iinclude /I../libalg/include /Zi /nologo /W3 /WX- /sdl /O2 /Oi /Oy- /GL /D WIN32 /D NDEBUG /D _LIB /D _UNICODE /D UNICODE /Gm- /EHsc /MD /GS /Gy /fp:precise /Zc:wchar_t /Zc:forScope /Fo"tmp/WIN32/libemo/Release\\" /Fd"tmp/WIN32/libemo/Release\vc120.pdb" /Gd /TP /analyze- /errorReport:prompt exc\SelScrowd.cpp
         SelScrowd.cpp
     1>exc\SelScrowd.cpp(174): warning C4018: “<”: 有符号/无符号不匹配
     1>exc\SelScrowd.cpp(176): warning C4018: “<”: 有符号/无符号不匹配
     1>exc\SelScrowd.cpp(177): warning C4018: “<”: 有符号/无符号不匹配
     1>exc\SelScrowd.cpp(179): warning C4018: “<”: 有符号/无符号不匹配
     1>exc\SelScrowd.cpp(180): warning C4018: “>=”: 有符号/无符号不匹配
     1>exc\SelScrowd.cpp(197): warning C4018: “<”: 有符号/无符号不匹配
       Lib:
         D:\Program Files (x86)\Microsoft Visual Studio 12.0\VC\bin\Lib.exe /OUT:"lib\libemo.lib" /NOLOGO /LTCG tmp/WIN32/libemo/Release\GenDE.obj
         tmp/WIN32/libemo/Release\GenSBX.obj
         tmp/WIN32/libemo/Release\IndividualMO.obj
         tmp/WIN32/libemo/Release\Initialization.obj
         tmp/WIN32/libemo/Release\PopulationMO.obj
         tmp/WIN32/libemo/Release\SelDouCrowd.obj
         tmp/WIN32/libemo/Release\SelScrowd.obj
         libemo.vcxproj -> D:\实验代码\ToR\CMOO_NEW\libemo\lib\libemo.lib
     1>已完成生成项目“D:\实验代码\ToR\CMOO_NEW\libemo\libemo.vcxproj”(Build 个目标)的操作。

生成成功。

已用时间 00:00:01.78
