c:\users\administrator\desktop\cmoo\libemo\tmp\win32\libemo\release\vc120.pdb
c:\users\administrator\desktop\cmoo\libemo\tmp\win32\libemo\release\selsecrowd.obj
c:\users\administrator\desktop\cmoo\libemo\tmp\win32\libemo\release\gende.obj
c:\users\administrator\desktop\cmoo\libemo\tmp\win32\libemo\release\individualmo.obj
c:\users\administrator\desktop\cmoo\libemo\tmp\win32\libemo\release\coh.obj
c:\users\administrator\desktop\cmoo\libemo\tmp\win32\libemo\release\selstorank.obj
c:\users\administrator\desktop\cmoo\libemo\tmp\win32\libemo\release\populationmo.obj
c:\users\administrator\desktop\cmoo\libemo\tmp\win32\libemo\release\selscrowd.obj
c:\users\administrator\desktop\cmoo\libemo\tmp\win32\libemo\release\selneighbor.obj
c:\users\administrator\desktop\cmoo\libemo\tmp\win32\libemo\release\selmaxmin.obj
c:\users\administrator\desktop\cmoo\libemo\tmp\win32\libemo\release\initialization.obj
c:\users\administrator\desktop\cmoo\libemo\tmp\win32\libemo\release\gensbx.obj
c:\users\administrator\desktop\cmoo\libemo\tmp\win32\libemo\release\seldoucrowd.obj
c:\users\administrator\desktop\cmoo\libemo\tmp\win32\libemo\release\selexpcrowd.obj
c:\users\administrator\desktop\cmoo\libemo\lib\libemo.lib
c:\users\administrator\desktop\cmoo\libemo\tmp\win32\libemo\release\libemo.tlog\cl.command.1.tlog
c:\users\administrator\desktop\cmoo\libemo\tmp\win32\libemo\release\libemo.tlog\cl.read.1.tlog
c:\users\administrator\desktop\cmoo\libemo\tmp\win32\libemo\release\libemo.tlog\cl.write.1.tlog
c:\users\administrator\desktop\cmoo\libemo\tmp\win32\libemo\release\libemo.tlog\lib-link.read.1.tlog
c:\users\administrator\desktop\cmoo\libemo\tmp\win32\libemo\release\libemo.tlog\lib-link.write.1.tlog
c:\users\administrator\desktop\cmoo\libemo\tmp\win32\libemo\release\libemo.tlog\lib.command.1.tlog
