生成启动时间为 2017/6/6 星期二 下午 3:38:50。
     1>项目“C:\Users\Administrator\Desktop\cmoo\libemo\libemo.vcxproj”在节点 3 上(Rebuild 个目标)。
     1>ClCompile:
         D:\Program Files (x86)\Microsoft Visual Studio 12.0\VC\bin\CL.exe /c /Iinclude /I../libalg/include /ZI /nologo /W3 /WX- /sdl /Od /Oy- /D WIN32 /D _DEBUG /D _LIB /D _UNICODE /D UNICODE /Gm /EHsc /RTC1 /MDd /GS /fp:precise /Zc:wchar_t /Zc:forScope /Fo"tmp/WIN32/libemo/Debug\\" /Fd"tmp/WIN32/libemo/Debug\vc120.pdb" /Gd /TP /analyze- /errorReport:prompt exc\GenDE.cpp exc\GenSBX.cpp exc\IndividualMO.cpp exc\Initialization.cpp exc\PopulationMO.cpp exc\SelMaxMin.cpp exc\SelNeighbor.cpp exc\SelScrowd.cpp
         SelScrowd.cpp
     1>c:\users\administrator\desktop\cmoo\libemo\exc\selscrowd.cpp(179): warning C4018: “<”: 有符号/无符号不匹配
     1>c:\users\administrator\desktop\cmoo\libemo\exc\selscrowd.cpp(181): warning C4018: “<”: 有符号/无符号不匹配
     1>c:\users\administrator\desktop\cmoo\libemo\exc\selscrowd.cpp(182): warning C4018: “<”: 有符号/无符号不匹配
     1>c:\users\administrator\desktop\cmoo\libemo\exc\selscrowd.cpp(184): warning C4018: “<”: 有符号/无符号不匹配
     1>c:\users\administrator\desktop\cmoo\libemo\exc\selscrowd.cpp(185): warning C4018: “>=”: 有符号/无符号不匹配
     1>c:\users\administrator\desktop\cmoo\libemo\exc\selscrowd.cpp(202): warning C4018: “<”: 有符号/无符号不匹配
         SelNeighbor.cpp
         SelMaxMin.cpp
         PopulationMO.cpp
         Initialization.cpp
         IndividualMO.cpp
         GenSBX.cpp
         GenDE.cpp
         正在生成代码...
       Lib:
         D:\Program Files (x86)\Microsoft Visual Studio 12.0\VC\bin\Lib.exe /OUT:"lib\libemo.lib" /NOLOGO tmp/WIN32/libemo/Debug\GenDE.obj
         tmp/WIN32/libemo/Debug\GenSBX.obj
         tmp/WIN32/libemo/Debug\IndividualMO.obj
         tmp/WIN32/libemo/Debug\Initialization.obj
         tmp/WIN32/libemo/Debug\PopulationMO.obj
         tmp/WIN32/libemo/Debug\SelMaxMin.obj
         tmp/WIN32/libemo/Debug\SelNeighbor.obj
         tmp/WIN32/libemo/Debug\SelScrowd.obj
         libemo.vcxproj -> C:\Users\Administrator\Desktop\cmoo\libemo\lib\libemo.lib
     1>已完成生成项目“C:\Users\Administrator\Desktop\cmoo\libemo\libemo.vcxproj”(Rebuild 个目标)的操作。

生成成功。

已用时间 00:00:04.04
