生成启动时间为 2017/6/6 星期二 下午 3:38:54。
     1>项目“C:\Users\Administrator\Desktop\cmoo\cexe\cexe.vcxproj”在节点 2 上(Rebuild 个目标)。
     1>ClCompile:
         D:\Program Files (x86)\Microsoft Visual Studio 12.0\VC\bin\CL.exe /c /Iinclude /I../libemo/include /I../libalg/include /ZI /nologo /W3 /WX- /sdl /Od /Oy- /D WIN32 /D _DEBUG /D _CONSOLE /D _LIB /D _UNICODE /D UNICODE /Gm /EHsc /RTC1 /MDd /GS /fp:precise /Zc:wchar_t /Zc:forScope /Fo"tmp/WIN32/cexe/Debug\\" /Fd"tmp/WIN32/cexe/Debug\vc120.pdb" /Gd /TP /analyze- /errorReport:prompt exc\AlgC.cpp exc\pexe.cpp
         pexe.cpp
     1>c:\users\administrator\desktop\cmoo\cexe\exc\pexe.cpp(58): warning C4101: “ic”: 未引用的局部变量
     1>c:\users\administrator\desktop\cmoo\cexe\exc\pexe.cpp(33): warning C4101: “savefilename”: 未引用的局部变量
     1>c:\users\administrator\desktop\cmoo\cexe\exc\pexe.cpp(32): warning C4101: “strategy”: 未引用的局部变量
     1>d:\program files (x86)\microsoft visual studio 12.0\vc\include\vector(60): warning C4503: “std::_Tree<std::_Tmap_traits<_Kty,_Ty,_Pr,_Alloc,false>>::_Insert_hint”: 超出修饰名的长度，名称被截断
                 with
                 [
                     _Kty=std::string
         ,            _Ty=az::mea::SECTION
         ,            _Pr=std::less<std::string>
         ,            _Alloc=std::allocator<std::pair<const std::string,az::mea::SECTION>>
                 ]
     1>d:\program files (x86)\microsoft visual studio 12.0\vc\include\vector(60): warning C4503: “std::_Tree<std::_Tmap_traits<_Kty,_Ty,_Pr,_Alloc,false>>::_Insert_at”: 超出修饰名的长度，名称被截断
                 with
                 [
                     _Kty=std::string
         ,            _Ty=az::mea::SECTION
         ,            _Pr=std::less<std::string>
         ,            _Alloc=std::allocator<std::pair<const std::string,az::mea::SECTION>>
                 ]
     1>d:\program files (x86)\microsoft visual studio 12.0\vc\include\vector(60): warning C4503: “std::_Tree<std::_Tmap_traits<_Kty,_Ty,_Pr,_Alloc,false>>::_Insert_nohint”: 超出修饰名的长度，名称被截断
                 with
                 [
                     _Kty=std::string
         ,            _Ty=az::mea::SECTION
         ,            _Pr=std::less<std::string>
         ,            _Alloc=std::allocator<std::pair<const std::string,az::mea::SECTION>>
                 ]
         AlgC.cpp
         正在生成代码...
       Link:
         D:\Program Files (x86)\Microsoft Visual Studio 12.0\VC\bin\link.exe /ERRORREPORT:PROMPT /OUT:"bin\cexe.exe" /INCREMENTAL /NOLOGO kernel32.lib user32.lib gdi32.lib winspool.lib comdlg32.lib advapi32.lib shell32.lib ole32.lib oleaut32.lib uuid.lib odbc32.lib odbccp32.lib /MANIFEST /MANIFESTUAC:"level='asInvoker' uiAccess='false'" /manifest:embed /DEBUG /PDB:"bin\cexe.pdb" /SUBSYSTEM:CONSOLE /TLBID:1 /DYNAMICBASE /NXCOMPAT /IMPLIB:"bin\cexe.lib" /MACHINE:X86 tmp/WIN32/cexe/Debug\AlgC.obj
         tmp/WIN32/cexe/Debug\pexe.obj
         C:\Users\Administrator\Desktop\cmoo\libalg\lib\libalg.lib
         C:\Users\Administrator\Desktop\cmoo\libemo\lib\libemo.lib
         cexe.vcxproj -> C:\Users\Administrator\Desktop\cmoo\cexe\bin\cexe.exe
     1>已完成生成项目“C:\Users\Administrator\Desktop\cmoo\cexe\cexe.vcxproj”(Rebuild 个目标)的操作。

生成成功。

已用时间 00:00:01.71
